2025-02-05 21:02:42,059 - bot.core - INFO - Starting EVE Online bot
2025-02-05 21:02:42,059 - bot.mining - ERROR - Mining laser position not calibrated!
2025-02-05 21:02:43,060 - bot.mining - ERROR - Mining laser position not calibrated!
2025-02-05 21:02:44,061 - bot.security - WARNING - Potential threat detected!
2025-02-05 21:02:44,061 - bot.security - INFO - Activating emergency protocols...
2025-02-05 21:02:45,062 - bot.mining - ERROR - Mining laser position not calibrated!
2025-02-05 21:02:46,062 - bot.security - WARNING - Potential threat detected!
2025-02-05 21:02:46,062 - bot.security - INFO - Activating emergency protocols...
2025-02-05 21:02:47,063 - bot.mining - ERROR - Mining laser position not calibrated!
2025-02-05 21:02:48,064 - bot.mining - ERROR - Mining laser position not calibrated!
2025-02-05 21:02:49,064 - bot.mining - ERROR - Mining laser position not calibrated!
2025-02-05 21:02:50,064 - bot.mining - ERROR - Mining laser position not calibrated!
2025-02-05 21:02:51,065 - bot.security - WARNING - Potential threat detected!
2025-02-05 21:02:51,065 - bot.security - INFO - Activating emergency protocols...
2025-02-05 21:02:52,065 - bot.mining - ERROR - Mining laser position not calibrated!
2025-02-05 21:02:53,066 - bot.security - WARNING - Potential threat detected!
2025-02-05 21:02:53,066 - bot.security - INFO - Activating emergency protocols...
2025-02-05 21:02:54,067 - bot.mining - ERROR - Mining laser position not calibrated!
2025-02-05 21:02:55,067 - bot.mining - ERROR - Mining laser position not calibrated!
2025-02-05 21:02:56,068 - bot.mining - ERROR - Mining laser position not calibrated!
2025-02-05 21:02:57,069 - bot.mining - ERROR - Mining laser position not calibrated!
2025-02-05 21:02:58,069 - bot.mining - ERROR - Mining laser position not calibrated!
2025-02-05 21:02:59,070 - bot.mining - ERROR - Mining laser position not calibrated!
2025-02-05 21:03:00,070 - bot.mining - ERROR - Mining laser position not calibrated!
2025-02-05 21:03:01,070 - bot.mining - ERROR - Mining laser position not calibrated!
2025-02-05 21:03:02,071 - bot.mining - ERROR - Mining laser position not calibrated!
2025-02-05 21:03:03,072 - bot.mining - ERROR - Mining laser position not calibrated!
2025-02-05 21:03:04,072 - bot.mining - ERROR - Mining laser position not calibrated!
2025-02-05 21:03:05,073 - bot.mining - ERROR - Mining laser position not calibrated!
2025-02-05 21:03:06,073 - bot.mining - ERROR - Mining laser position not calibrated!
2025-02-05 21:03:07,074 - bot.mining - ERROR - Mining laser position not calibrated!
2025-02-05 21:03:08,074 - bot.mining - ERROR - Mining laser position not calibrated!
2025-02-05 21:03:09,075 - bot.security - WARNING - Potential threat detected!
2025-02-05 21:03:09,075 - bot.security - INFO - Activating emergency protocols...
2025-02-05 21:03:10,076 - bot.mining - ERROR - Mining laser position not calibrated!
2025-02-05 21:03:11,076 - bot.mining - ERROR - Mining laser position not calibrated!
2025-02-05 21:03:12,077 - bot.mining - ERROR - Mining laser position not calibrated!
2025-02-05 21:03:13,077 - bot.mining - ERROR - Mining laser position not calibrated!
2025-02-05 21:03:14,078 - bot.mining - ERROR - Mining laser position not calibrated!
2025-02-05 21:03:15,078 - bot.mining - ERROR - Mining laser position not calibrated!
2025-02-05 21:03:16,079 - bot.mining - ERROR - Mining laser position not calibrated!
2025-02-05 21:03:17,080 - bot.mining - ERROR - Mining laser position not calibrated!
2025-02-05 21:03:18,080 - bot.mining - ERROR - Mining laser position not calibrated!
2025-02-05 21:03:19,081 - bot.mining - ERROR - Mining laser position not calibrated!
2025-02-05 21:03:20,082 - bot.mining - ERROR - Mining laser position not calibrated!
2025-02-05 21:03:21,082 - bot.mining - ERROR - Mining laser position not calibrated!
2025-02-05 21:03:22,082 - bot.mining - ERROR - Mining laser position not calibrated!
2025-02-05 21:03:23,083 - bot.security - WARNING - Potential threat detected!
2025-02-05 21:03:23,083 - bot.security - INFO - Activating emergency protocols...
2025-02-05 21:03:24,084 - bot.mining - ERROR - Mining laser position not calibrated!
2025-02-05 21:03:25,084 - bot.mining - ERROR - Mining laser position not calibrated!
2025-02-05 21:03:26,084 - bot.mining - ERROR - Mining laser position not calibrated!
2025-02-05 21:03:27,085 - bot.mining - ERROR - Mining laser position not calibrated!
2025-02-05 21:03:28,085 - bot.mining - ERROR - Mining laser position not calibrated!
2025-02-05 21:03:29,085 - bot.security - WARNING - Potential threat detected!
2025-02-05 21:03:29,085 - bot.security - INFO - Activating emergency protocols...
2025-02-05 21:03:30,086 - bot.mining - ERROR - Mining laser position not calibrated!
2025-02-05 21:03:31,087 - bot.mining - ERROR - Mining laser position not calibrated!
2025-02-05 21:03:32,088 - bot.mining - ERROR - Mining laser position not calibrated!
2025-02-05 21:03:33,088 - bot.security - WARNING - Potential threat detected!
2025-02-05 21:03:33,088 - bot.security - INFO - Activating emergency protocols...
2025-02-05 21:03:34,089 - bot.mining - ERROR - Mining laser position not calibrated!
2025-02-05 21:03:35,090 - bot.mining - ERROR - Mining laser position not calibrated!
2025-02-05 21:03:36,090 - bot.mining - ERROR - Mining laser position not calibrated!
2025-02-05 21:03:37,090 - bot.mining - ERROR - Mining laser position not calibrated!
2025-02-05 21:03:38,091 - bot.mining - ERROR - Mining laser position not calibrated!
2025-02-05 21:03:39,091 - bot.mining - ERROR - Mining laser position not calibrated!
2025-02-05 21:03:40,091 - bot.mining - ERROR - Mining laser position not calibrated!
2025-02-05 21:03:41,092 - bot.mining - ERROR - Mining laser position not calibrated!
2025-02-05 21:03:42,092 - bot.mining - ERROR - Mining laser position not calibrated!
2025-02-05 21:03:43,093 - bot.mining - ERROR - Mining laser position not calibrated!
2025-02-05 21:03:44,093 - bot.mining - ERROR - Mining laser position not calibrated!
2025-02-05 21:03:45,095 - bot.security - WARNING - Potential threat detected!
2025-02-05 21:03:45,096 - bot.security - INFO - Activating emergency protocols...
2025-02-05 21:03:46,097 - bot.mining - ERROR - Mining laser position not calibrated!
2025-02-05 21:03:47,098 - bot.security - WARNING - Potential threat detected!
2025-02-05 21:03:47,098 - bot.security - INFO - Activating emergency protocols...
2025-02-05 21:03:48,098 - bot.mining - ERROR - Mining laser position not calibrated!
2025-02-05 21:03:49,099 - bot.mining - ERROR - Mining laser position not calibrated!
2025-02-05 21:04:02,291 - bot.core - INFO - Starting calibration
2025-02-05 21:04:02,291 - bot.mining - INFO - Calibrating mining laser position...
2025-02-05 21:04:02,291 - bot.mining - INFO - Mining laser calibrated at: Point(x=733, y=895)
